Thu Nov 16 2017 10:54:15 GMT+0100 (CET) [INFO]: 
######################################################### 
Thu Nov 16 2017 10:54:15 GMT+0100 (CET) [INFO]:       ___    _      __     __                                       _    __    __  
     /   \  /_\    /__\   /__\   ___  ___  _ __    ___   _ __    __| |  /__\  /__\ 
    / /\ / //_\\  /_\    / \//  / _ \/ __|| '_ \  / _ \ | '_ \  / _` | /_\   / \// 
   / /_// /  _  \//__   / _  \ |  __/\__ \| |_) || (_) || | | || (_| |//__  / _  \ 
  /___,'  \_/ \_/\__/   \/ \_/  \___||___/| .__/  \___/ |_| |_| \__,_|\__/  \/ \_/ 
                                          |_|                                      
 
Thu Nov 16 2017 10:54:15 GMT+0100 (CET) [INFO]: ######################################################### 
Thu Nov 16 2017 10:54:15 GMT+0100 (CET) [INFO]:   App name:			 DAE RespondER 
Thu Nov 16 2017 10:54:15 GMT+0100 (CET) [INFO]:   App label:			 DAE RespondER 
Thu Nov 16 2017 10:54:15 GMT+0100 (CET) [INFO]:   App version:			 1.6.2 
Thu Nov 16 2017 10:54:15 GMT+0100 (CET) [INFO]:   App version label:		 1.6.2-[DEV] 
Thu Nov 16 2017 10:54:15 GMT+0100 (CET) [INFO]:   Android bundle id:		 it.engds.daeresponder 
Thu Nov 16 2017 10:54:15 GMT+0100 (CET) [INFO]:   Android version code:		 10602 
Thu Nov 16 2017 10:54:15 GMT+0100 (CET) [INFO]:   Change log:			 No changelog 
Thu Nov 16 2017 10:54:15 GMT+0100 (CET) [INFO]: #########################################################
 
Thu Nov 16 2017 10:54:24 GMT+0100 (CET) [INFO]: # 
Thu Nov 16 2017 10:54:24 GMT+0100 (CET) [INFO]: #  Compile source: 
Thu Nov 16 2017 10:54:24 GMT+0100 (CET) [INFO]: #  $ gulp 
Thu Nov 16 2017 10:54:24 GMT+0100 (CET) [INFO]: # 
Thu Nov 16 2017 10:54:28 GMT+0100 (CET) [INFO]: # 
Thu Nov 16 2017 10:54:28 GMT+0100 (CET) [INFO]: #  Set '1.6.2' as version in config.xml 
Thu Nov 16 2017 10:54:28 GMT+0100 (CET) [INFO]: # 
Thu Nov 16 2017 10:54:28 GMT+0100 (CET) [INFO]: # 
Thu Nov 16 2017 10:54:28 GMT+0100 (CET) [INFO]: #  Set 'it.engds.daeresponder' as bundle id in config.xml 
Thu Nov 16 2017 10:54:28 GMT+0100 (CET) [INFO]: # 
Thu Nov 16 2017 10:54:28 GMT+0100 (CET) [INFO]: # 
Thu Nov 16 2017 10:54:28 GMT+0100 (CET) [INFO]: #  Set '10602' as Android version code in config.xml 
Thu Nov 16 2017 10:54:28 GMT+0100 (CET) [INFO]: # 
Thu Nov 16 2017 10:54:28 GMT+0100 (CET) [INFO]: # 
Thu Nov 16 2017 10:54:28 GMT+0100 (CET) [INFO]: #  Set 'DAE RespondER' as Android launcher name in strings.xml 
Thu Nov 16 2017 10:54:28 GMT+0100 (CET) [INFO]: # 
Thu Nov 16 2017 10:54:28 GMT+0100 (CET) [INFO]: # 
Thu Nov 16 2017 10:54:28 GMT+0100 (CET) [INFO]: #  Build Android platform: 
Thu Nov 16 2017 10:54:28 GMT+0100 (CET) [INFO]: #  $ cordova build --release android 
Thu Nov 16 2017 10:54:28 GMT+0100 (CET) [INFO]: # 
Thu Nov 16 2017 10:55:27 GMT+0100 (CET) [INFO]: # 
Thu Nov 16 2017 10:55:27 GMT+0100 (CET) [INFO]: #  Upload Android apk on /Android 
Thu Nov 16 2017 10:55:27 GMT+0100 (CET) [INFO]: # 
Thu Nov 16 2017 10:56:01 GMT+0100 (CET) [INFO]: # 
Thu Nov 16 2017 10:56:01 GMT+0100 (CET) [INFO]: #  Update repository 
Thu Nov 16 2017 10:56:01 GMT+0100 (CET) [INFO]: # 
